# 2023

- August, meet in-person at DEF CON 31!!
- Neuromancer by William Gibson - a DEF CON themed book (Aug-Sept)
- Hardware Hacking Handbook by Colin O'Flynn and Jasper van Woudenberg (Oct-Nov)
- All Systems Red (MurderBot Diaries Series) by Martha Wells (Nov)

# 2024

- Snow Crash by Neal Stephenson (Jan)
- The Space Between Worlds by Micaiah Johnson (Feb)
- 2001: A Space Odyssey by Arthur C. Clarke (Mar-Apr)
- Daemon by Daniel Suarez (May-June)
- The Long Way to a Small Angry Planet by Becky Chambers (DEF CON themed book July and irl in August)
- August, meet in-person at DEF CON 32!!
- Little Brother by Cory Doctorow (Sept)
- The Memory Librarian by Janelle Monáe (Nov)

# 2025

- The Moon Is a Harsh Mistress by Robert Heinlein (Jan)
- Some Desperate Glory by Emily Tesh (March)
- Project Hail Mary by Andy Weir (May)
- Planetary, Volume 1: All Over the World and Other Stories by Warren Ellis (July)
- August, meet in-person at DEF CON 33!!
- A DEF CON 33 themed book, TBA (Aug-Sept)
- Binti by Nnedi Okorafor (Nov)